<?xml version="1.0" encoding="UTF-8"?>
<!-- Generated by org.testng.reporters.JUnitReportReporter -->
<testsuite hostname="rundeck.example.com" failures="0" tests="1" name="com.fooddel.Services.CustomerServiceTest" time="0.731" errors="0" timestamp="2021-11-22T22:38:44 IST" skipped="0">
  <testcase classname="com.fooddel.Services.CustomerServiceTest" name="testGetCustomer" time="0.731"/>
  <system-out/>
</testsuite> <!-- com.fooddel.Services.CustomerServiceTest -->
